SELECT
    COUNT(*) AS total_visitas,
    SUM(IFNULL(NULLIF(v1.faturado_vis,''), 'n') = 's') AS total_faturado,
    SUM(IFNULL(NULLIF(v1.faturado_vis,''), 'n') = 'n') AS total_nao_faturado,
    COUNT(DISTINCT i.fk_hospital_int) AS hospitais_distintos
FROM tb_visita v1
LEFT JOIN tb_internacao i ON i.id_internacao = v1.fk_internacao_vis
LEFT JOIN tb_hospital ho ON ho.id_hospital = i.fk_hospital_int
LEFT JOIN tb_paciente pa ON pa.id_paciente = i.fk_paciente_int
LEFT JOIN tb_seguradora se ON se.id_seguradora = pa.fk_seguradora_pac
LEFT JOIN tb_user u ON u.id_usuario = v1.fk_usuario_vis
WHERE COALESCE(i.deletado_int, '') <> "s" AND (v1.retificado IS NULL OR v1.retificado IN (0,'0','','n','N')) AND COALESCE(NULLIF(NULLIF(v1.data_lancamento_vis,''), '0000-00-00 00:00:00'), COALESCE(
    STR_TO_DATE(NULLIF(v1.data_visita_vis,''), '%Y-%m-%d %H:%i:%s'),
    STR_TO_DATE(NULLIF(v1.data_visita_vis,''), '%Y-%m-%dT%H:%i:%s'),
    STR_TO_DATE(NULLIF(v1.data_visita_vis,''), '%Y-%m-%d'),
    STR_TO_DATE(NULLIF(v1.data_visita_vis,''), '%d/%m/%Y %H:%i:%s'),
    STR_TO_DATE(NULLIF(v1.data_visita_vis,''), '%d/%m/%Y %H:%i'),
    STR_TO_DATE(NULLIF(v1.data_visita_vis,''), '%d/%m/%Y'),
    STR_TO_DATE(NULLIF(v1.data_visita_vis,''), '%d-%m-%Y %H:%i:%s'),
    STR_TO_DATE(NULLIF(v1.data_visita_vis,''), '%d-%m-%Y')
)) IS NOT NULL AND DATE(COALESCE(NULLIF(NULLIF(v1.data_lancamento_vis,''), '0000-00-00 00:00:00'), COALESCE(
    STR_TO_DATE(NULLIF(v1.data_visita_vis,''), '%Y-%m-%d %H:%i:%s'),
    STR_TO_DATE(NULLIF(v1.data_visita_vis,''), '%Y-%m-%dT%H:%i:%s'),
    STR_TO_DATE(NULLIF(v1.data_visita_vis,''), '%Y-%m-%d'),
    STR_TO_DATE(NULLIF(v1.data_visita_vis,''), '%d/%m/%Y %H:%i:%s'),
    STR_TO_DATE(NULLIF(v1.data_visita_vis,''), '%d/%m/%Y %H:%i'),
    STR_TO_DATE(NULLIF(v1.data_visita_vis,''), '%d/%m/%Y'),
    STR_TO_DATE(NULLIF(v1.data_visita_vis,''), '%d-%m-%Y %H:%i:%s'),
    STR_TO_DATE(NULLIF(v1.data_visita_vis,''), '%d-%m-%Y')
))) >= :dt_ini AND DATE(COALESCE(NULLIF(NULLIF(v1.data_lancamento_vis,''), '0000-00-00 00:00:00'), COALESCE(
    STR_TO_DATE(NULLIF(v1.data_visita_vis,''), '%Y-%m-%d %H:%i:%s'),
    STR_TO_DATE(NULLIF(v1.data_visita_vis,''), '%Y-%m-%dT%H:%i:%s'),
    STR_TO_DATE(NULLIF(v1.data_visita_vis,''), '%Y-%m-%d'),
    STR_TO_DATE(NULLIF(v1.data_visita_vis,''), '%d/%m/%Y %H:%i:%s'),
    STR_TO_DATE(NULLIF(v1.data_visita_vis,''), '%d/%m/%Y %H:%i'),
    STR_TO_DATE(NULLIF(v1.data_visita_vis,''), '%d/%m/%Y'),
    STR_TO_DATE(NULLIF(v1.data_visita_vis,''), '%d-%m-%Y %H:%i:%s'),
    STR_TO_DATE(NULLIF(v1.data_visita_vis,''), '%d-%m-%Y')
))) <= :dt_fim
{":dt_ini":"2025-12-13",":dt_fim":"2026-01-12"}
---
